#
# There is insufficient memory for the Java Runtime Environment to continue.
# Native memory allocation (malloc) failed to allocate 32744 bytes for ChunkPool::allocate
# Possible reasons:
#   The system is out of physical RAM or swap space
#   In 32 bit mode, the process size limit was hit
# Possible solutions:
#   Reduce memory load on the system
#   Increase physical memory or swap space
#   Check if swap backing store is full
#   Use 64 bit Java on a 64 bit OS
#   Decrease Java heap size (-Xmx/-Xms)
#   Decrease number of Java threads
#   Decrease Java thread stack sizes (-Xss)
#   Set larger code cache with -XX:ReservedCodeCacheSize=
# This output file may be truncated or incomplete.
#
#  Out of Memory Error (allocation.cpp:273), pid=3552, tid=0x00000000000028c8
#
# JRE version: Java(TM) SE Runtime Environment (8.0_131-b11) (build 1.8.0_131-b11)
# Java VM: Java HotSpot(TM) 64-Bit Server VM (25.131-b11 mixed mode windows-amd64 compressed oops)
# Failed to write core dump. Minidumps are not enabled by default on client versions of Windows
#

---------------  T H R E A D  ---------------

Current thread (0x0000000001f5b000):  JavaThread "main" [_thread_in_vm, id=10440, stack(0x0000000002360000,0x0000000002460000)]

Stack: [0x0000000002360000,0x0000000002460000]
[error occurred during error reporting (printing stack bounds), id 0xc0000005]

Native frames: (J=compiled Java code, j=interpreted, Vv=VM code, C=native code)

Java frames: (J=compiled Java code, j=interpreted, Vv=VM code)
v  blob 0x00000000024a57ba
J 1814 C2 java.lang.ClassLoader.loadClass(Ljava/lang/String;)Ljava/lang/Class; (7 bytes) @ 0x0000000002b6c664 [0x0000000002b68960+0x3d04]
v  ~StubRoutines::call_stub
J 735  java.lang.Class.forName0(Ljava/lang/String;ZLjava/lang/ClassLoader;Ljava/lang/Class;)Ljava/lang/Class; (0 bytes) @ 0x000000000276bd47 [0x000000000276bcc0+0x87]
J 745 C1 java.lang.Class.forName(Ljava/lang/String;ZLjava/lang/ClassLoader;)Ljava/lang/Class; (53 bytes) @ 0x00000000027772a4 [0x0000000002776d80+0x524]
J 3298 C1 com.sun.beans.finder.ClassFinder.findClass(Ljava/lang/String;)Ljava/lang/Class; (43 bytes) @ 0x00000000030e32a4 [0x00000000030e2260+0x1044]
J 3583 C1 java.beans.Introspector.findCustomizerClass(Ljava/lang/Class;)Ljava/lang/Class; (58 bytes) @ 0x00000000032108a4 [0x000000000320f8a0+0x1004]
J 3582 C1 java.beans.Introspector.getTargetBeanDescriptor()Ljava/beans/BeanDescriptor; (42 bytes) @ 0x000000000320f31c [0x000000000320f120+0x1fc]
J 3586 C1 java.beans.Introspector.getBeanInfo()Ljava/beans/BeanInfo; (54 bytes) @ 0x0000000003212b8c [0x0000000003212b00+0x8c]
J 3307 C1 java.beans.Introspector.<init>(Ljava/lang/Class;Ljava/lang/Class;I)V (199 bytes) @ 0x00000000030f272c [0x00000000030f1660+0x10cc]
J 3593 C1 java.beans.Introspector.getBeanInfo(Ljava/lang/Class;I)Ljava/beans/BeanInfo; (7 bytes) @ 0x000000000321457c [0x00000000032143e0+0x19c]
j  org.springframework.beans.CachedIntrospectionResults.<init>(Ljava/lang/Class;)V+112
j  org.springframework.beans.CachedIntrospectionResults.forClass(Ljava/lang/Class;)Lorg/springframework/beans/CachedIntrospectionResults;+43
j  org.springframework.beans.BeanWrapperImpl.getCachedIntrospectionResults()Lorg/springframework/beans/CachedIntrospectionResults;+29
j  org.springframework.beans.BeanWrapperImpl.getPropertyDescriptors()[Ljava/beans/PropertyDescriptor;+1
j  org.springframework.beans.factory.support.AbstractAutowireCapableBeanFactory.filterPropertyDescriptorsForDependencyCheck(Lorg/springframework/beans/BeanWrapper;)[Ljava/beans/PropertyDescriptor;+5
j  org.springframework.beans.factory.support.AbstractAutowireCapableBeanFactory.filterPropertyDescriptorsForDependencyCheck(Lorg/springframework/beans/BeanWrapper;Z)[Ljava/beans/PropertyDescriptor;+25
j  org.springframework.beans.factory.support.AbstractAutowireCapableBeanFactory.populateBean(Ljava/lang/String;Lorg/springframework/beans/factory/support/RootBeanDefinition;Lorg/springframework/beans/BeanWrapper;)V+234
j  org.springframework.beans.factory.support.AbstractAutowireCapableBeanFactory.doCreateBean(Ljava/lang/String;Lorg/springframework/beans/factory/support/RootBeanDefinition;[Ljava/lang/Object;)Ljava/lang/Object;+250
j  org.springframework.beans.factory.support.AbstractAutowireCapableBeanFactory.createBean(Ljava/lang/String;Lorg/springframework/beans/factory/support/RootBeanDefinition;[Ljava/lang/Object;)Ljava/lang/Object;+169
j  org.springframework.beans.factory.support.AbstractBeanFactory$1.getObject()Ljava/lang/Object;+16
j  org.springframework.beans.factory.support.DefaultSingletonBeanRegistry.getSingleton(Ljava/lang/String;Lorg/springframework/beans/factory/ObjectFactory;)Ljava/lang/Object;+132
J 2149 C1 org.springframework.beans.factory.support.AbstractBeanFactory.doGetBean(Ljava/lang/String;Ljava/lang/Class;[Ljava/lang/Object;Z)Ljava/lang/Object; (727 bytes) @ 0x0000000002c09a14 [0x0000000002c07f60+0x1ab4]
j  org.springframework.beans.factory.support.AbstractBeanFactory.getBean(Ljava/lang/String;)Ljava/lang/Object;+5
j  org.springframework.beans.factory.support.DefaultListableBeanFactory.preInstantiateSingletons()V+231
j  org.springframework.context.support.AbstractApplicationContext.finishBeanFactoryInitialization(Lorg/springframework/beans/factory/config/ConfigurableListableBeanFactory;)V+126
j  org.springframework.context.support.AbstractApplicationContext.refresh()V+54
j  org.springframework.boot.context.embedded.EmbeddedWebApplicationContext.refresh()V+1
j  org.springframework.boot.SpringApplication.refresh(Lorg/springframework/context/ApplicationContext;)V+10
j  org.springframework.boot.SpringApplication.refreshContext(Lorg/springframework/context/ConfigurableApplicationContext;)V+2
j  org.springframework.boot.SpringApplication.run([Ljava/lang/String;)Lorg/springframework/context/ConfigurableApplicationContext;+91
j  org.springframework.boot.SpringApplication.run([Ljava/lang/Object;[Ljava/lang/String;)Lorg/springframework/context/ConfigurableApplicationContext;+9
j  org.springframework.boot.SpringApplication.run(Ljava/lang/Object;[Ljava/lang/String;)Lorg/springframework/context/ConfigurableApplicationContext;+9
j  com.study.SpringbootShiroApplication.main([Ljava/lang/String;)V+3
v  ~StubRoutines::call_stub

---------------  P R O C E S S  ---------------

Java Threads: ( => current thread )
  0x00000000605af000 JavaThread "container-0" [_thread_blocked, id=9868, stack(0x0000000062d70000,0x0000000062e70000)]
  0x000000005d6d2000 JavaThread "ContainerBackgroundProcessor[StandardEngine[Tomcat]]" daemon [_thread_blocked, id=3104, stack(0x0000000062c40000,0x0000000062d40000)]
  0x000000005894c800 JavaThread "localhost-startStop-1" daemon [_thread_blocked, id=1064, stack(0x000000005e7d0000,0x000000005e8d0000)]
  0x000000005f7af000 JavaThread "Tomcat-startStop-1" daemon [_thread_blocked, id=4584, stack(0x000000005e4a0000,0x000000005e5a0000)]
  0x00000000586aa000 JavaThread "Service Thread" daemon [_thread_blocked, id=10704, stack(0x00000000599d0000,0x0000000059ad0000)]
  0x0000000058632800 JavaThread "C1 CompilerThread2" daemon [_thread_blocked, id=4440, stack(0x0000000059350000,0x0000000059450000)]
  0x000000005862b800 JavaThread "C2 CompilerThread1" daemon [_thread_in_native, id=7424, stack(0x00000000597a0000,0x00000000598a0000)]
  0x0000000058629800 JavaThread "C2 CompilerThread0" daemon [_thread_in_native, id=10424, stack(0x00000000598c0000,0x00000000599c0000)]
  0x000000005861c800 JavaThread "JDWP Command Reader" daemon [_thread_in_native, id=10956, stack(0x0000000059690000,0x0000000059790000)]
  0x000000005861b800 JavaThread "JDWP Event Helper Thread" daemon [_thread_blocked, id=10420, stack(0x0000000059500000,0x0000000059600000)]
  0x000000005860e000 JavaThread "JDWP Transport Listener: dt_socket" daemon [_thread_blocked, id=10324, stack(0x0000000058cc0000,0x0000000058dc0000)]
  0x00000000585f2800 JavaThread "Attach Listener" daemon [_thread_blocked, id=11256, stack(0x0000000058bc0000,0x0000000058cc0000)]
  0x00000000571de800 JavaThread "Signal Dispatcher" daemon [_thread_blocked, id=10712, stack(0x00000000589e0000,0x0000000058ae0000)]
  0x00000000571be000 JavaThread "Finalizer" daemon [_thread_blocked, id=10528, stack(0x00000000584e0000,0x00000000585e0000)]
  0x0000000057177000 JavaThread "Reference Handler" daemon [_thread_blocked, id=11216, stack(0x0000000058320000,0x0000000058420000)]
=>0x0000000001f5b000 JavaThread "main" [_thread_in_vm, id=10440, stack(0x0000000002360000,0x0000000002460000)]

Other Threads:
  0x000000005716f800 VMThread [stack: 0x0000000058120000,0x0000000058220000] [id=8052]
  0x000000005871e800 WatcherThread [stack: 0x0000000059b60000,0x0000000059c60000] [id=8476]

VM state:not at safepoint (normal execution)

VM Mutex/Monitor currently owned by a thread: None

Heap:
 PSYoungGen      total 124928K, used 51920K [0x00000000d5800000, 0x00000000ded00000, 0x0000000100000000)
  eden space 118272K, 43% used [0x00000000d5800000,0x00000000d8ab43f8,0x00000000dcb80000)
  from space 6656K, 0% used [0x00000000de680000,0x00000000de680000,0x00000000ded00000)
  to   space 12288K, 0% used [0x00000000dd500000,0x00000000dd500000,0x00000000de100000)
 ParOldGen       total 82432K, used 20139K [0x0000000080800000, 0x0000000085880000, 0x00000000d5800000)
  object space 82432K, 24% used [0x0000000080800000,0x0000000081baafd8,0x0000000085880000)
 Metaspace       used 36676K, capacity 37094K, committed 37456K, reserved 1081344K
  class space    used 4532K, capacity 4651K, committed 4736K, reserved 1048576K

Card table byte_map: [0x0000000011820000,0x0000000011c20000] byte_map_base: 0x000000001141c000

Marking Bits: (ParMarkBitMap*) 0x000000006cb5c720
 Begin Bits: [0x0000000012420000, 0x0000000014400000)
 End Bits:   [0x0000000014400000, 0x00000000163e0000)

Polling page: 0x0000000000190000

CodeCache: size=245760Kb used=14078Kb max_used=14078Kb free=231681Kb
 bounds [0x0000000002460000, 0x0000000003230000, 0x0000000011460000]
 total_blobs=3966 nmethods=3540 adapters=346
 compilation: enabled

Compilation events (10 events):
Event: 3.621 Thread 0x0000000058632800 3629       2       org.apache.catalina.core.DefaultInstanceManager::findLifecycleCallback (126 bytes)
Event: 3.622 Thread 0x0000000058632800 nmethod 3629 0x0000000003224250 code [0x0000000003224500, 0x0000000003224f28]
Event: 3.626 Thread 0x0000000058632800 3630       1       org.apache.catalina.LifecycleState::getLifecycleEvent (5 bytes)
Event: 3.627 Thread 0x0000000058632800 nmethod 3630 0x0000000003225ad0 code [0x0000000003225c20, 0x0000000003225d30]
Event: 3.627 Thread 0x0000000058632800 3631       2       java.util.EventObject::<init> (24 bytes)
Event: 3.628 Thread 0x0000000058632800 nmethod 3631 0x0000000003225d90 code [0x0000000003225f00, 0x0000000003226128]
Event: 3.633 Thread 0x0000000058632800 3632   !   2       org.slf4j.LoggerFactory::getILoggerFactory (103 bytes)
Event: 3.633 Thread 0x0000000058632800 nmethod 3632 0x0000000003226210 code [0x00000000032263e0, 0x0000000003226928]
Event: 3.633 Thread 0x0000000058632800 3633       2       sun.util.locale.provider.LocaleProviderAdapter::getAdapter (171 bytes)
Event: 3.634 Thread 0x0000000058632800 nmethod 3633 0x0000000003226bd0 code [0x0000000003226e20, 0x00000000032274b8]

GC Heap History (10 events):
Event: 1.177 GC heap before
{Heap before GC invocations=6 (full 1):
 PSYoungGen      total 71680K, used 5101K [0x00000000d5800000, 0x00000000df300000, 0x0000000100000000)
  eden space 66560K, 0% used [0x00000000d5800000,0x00000000d5800000,0x00000000d9900000)
  from space 5120K, 99% used [0x00000000d9900000,0x00000000d9dfb5b0,0x00000000d9e00000)
  to   space 12800K, 0% used [0x00000000de680000,0x00000000de680000,0x00000000df300000)
 ParOldGen       total 87552K, used 14182K [0x0000000080800000, 0x0000000085d80000, 0x00000000d5800000)
  object space 87552K, 16% used [0x0000000080800000,0x00000000815d98a8,0x0000000085d80000)
 Metaspace       used 21177K, capacity 21450K, committed 21628K, reserved 1069056K
  class space    used 2554K, capacity 2628K, committed 2688K, reserved 1048576K
Event: 1.204 GC heap after
Heap after GC invocations=6 (full 1):
 PSYoungGen      total 71680K, used 0K [0x00000000d5800000, 0x00000000df300000, 0x0000000100000000)
  eden space 66560K, 0% used [0x00000000d5800000,0x00000000d5800000,0x00000000d9900000)
  from space 5120K, 0% used [0x00000000d9900000,0x00000000d9900000,0x00000000d9e00000)
  to   space 12800K, 0% used [0x00000000de680000,0x00000000de680000,0x00000000df300000)
 ParOldGen       total 57344K, used 9931K [0x0000000080800000, 0x0000000084000000, 0x00000000d5800000)
  object space 57344K, 17% used [0x0000000080800000,0x00000000811b2fe8,0x0000000084000000)
 Metaspace       used 21177K, capacity 21450K, committed 21628K, reserved 1069056K
  class space    used 2554K, capacity 2628K, committed 2688K, reserved 1048576K
}
Event: 1.705 GC heap before
{Heap before GC invocations=7 (full 1):
 PSYoungGen      total 71680K, used 66560K [0x00000000d5800000, 0x00000000df300000, 0x0000000100000000)
  eden space 66560K, 100% used [0x00000000d5800000,0x00000000d9900000,0x00000000d9900000)
  from space 5120K, 0% used [0x00000000d9900000,0x00000000d9900000,0x00000000d9e00000)
  to   space 12800K, 0% used [0x00000000de680000,0x00000000de680000,0x00000000df300000)
 ParOldGen       total 57344K, used 9931K [0x0000000080800000, 0x0000000084000000, 0x00000000d5800000)
  object space 57344K, 17% used [0x0000000080800000,0x00000000811b2fe8,0x0000000084000000)
 Metaspace       used 25040K, capacity 25374K, committed 25724K, reserved 1071104K
  class space    used 3038K, capacity 3154K, committed 3200K, reserved 1048576K
Event: 1.711 GC heap after
Heap after GC invocations=7 (full 1):
 PSYoungGen      total 124928K, used 6580K [0x00000000d5800000, 0x00000000ded00000, 0x0000000100000000)
  eden space 118272K, 0% used [0x00000000d5800000,0x00000000d5800000,0x00000000dcb80000)
  from space 6656K, 98% used [0x00000000de680000,0x00000000deced100,0x00000000ded00000)
  to   space 12288K, 0% used [0x00000000dd500000,0x00000000dd500000,0x00000000de100000)
 ParOldGen       total 57344K, used 9939K [0x0000000080800000, 0x0000000084000000, 0x00000000d5800000)
  object space 57344K, 17% used [0x0000000080800000,0x00000000811b4fe8,0x0000000084000000)
 Metaspace       used 25040K, capacity 25374K, committed 25724K, reserved 1071104K
  class space    used 3038K, capacity 3154K, committed 3200K, reserved 1048576K
}
Event: 2.790 GC heap before
{Heap before GC invocations=8 (full 1):
 PSYoungGen      total 124928K, used 124852K [0x00000000d5800000, 0x00000000ded00000, 0x0000000100000000)
  eden space 118272K, 100% used [0x00000000d5800000,0x00000000dcb80000,0x00000000dcb80000)
  from space 6656K, 98% used [0x00000000de680000,0x00000000deced100,0x00000000ded00000)
  to   space 12288K, 0% used [0x00000000dd500000,0x00000000dd500000,0x00000000de100000)
 ParOldGen       total 57344K, used 9939K [0x0000000080800000, 0x0000000084000000, 0x00000000d5800000)
  object space 57344K, 17% used [0x0000000080800000,0x00000000811b4fe8,0x0000000084000000)
 Metaspace       used 33118K, capacity 33574K, committed 34044K, reserved 1079296K
  class space    used 4130K, capacity 4267K, committed 4352K, reserved 1048576K
Event: 2.799 GC heap after
Heap after GC invocations=8 (full 1):
 PSYoungGen      total 130560K, used 12273K [0x00000000d5800000, 0x00000000ded00000, 0x0000000100000000)
  eden space 118272K, 0% used [0x00000000d5800000,0x00000000d5800000,0x00000000dcb80000)
  from space 12288K, 99% used [0x00000000dd500000,0x00000000de0fc778,0x00000000de100000)
  to   space 6656K, 0% used [0x00000000de680000,0x00000000de680000,0x00000000ded00000)
 ParOldGen       total 57344K, used 10490K [0x0000000080800000, 0x0000000084000000, 0x00000000d5800000)
  object space 57344K, 18% used [0x0000000080800000,0x000000008123e920,0x0000000084000000)
 Metaspace       used 33118K, capacity 33574K, committed 34044K, reserved 1079296K
  class space    used 4130K, capacity 4267K, committed 4352K, reserved 1048576K
}
Event: 3.135 GC heap before
{Heap before GC invocations=9 (full 1):
 PSYoungGen      total 130560K, used 49718K [0x00000000d5800000, 0x00000000ded00000, 0x0000000100000000)
  eden space 118272K, 31% used [0x00000000d5800000,0x00000000d7c910d0,0x00000000dcb80000)
  from space 12288K, 99% used [0x00000000dd500000,0x00000000de0fc778,0x00000000de100000)
  to   space 6656K, 0% used [0x00000000de680000,0x00000000de680000,0x00000000ded00000)
 ParOldGen       total 57344K, used 10490K [0x0000000080800000, 0x0000000084000000, 0x00000000d5800000)
  object space 57344K, 18% used [0x0000000080800000,0x000000008123e920,0x0000000084000000)
 Metaspace       used 35321K, capacity 35718K, committed 36048K, reserved 1081344K
  class space    used 4364K, capacity 4491K, committed 4608K, reserved 1048576K
Event: 3.142 GC heap after
Heap after GC invocations=9 (full 1):
 PSYoungGen      total 124928K, used 6624K [0x00000000d5800000, 0x00000000ded00000, 0x0000000100000000)
  eden space 118272K, 0% used [0x00000000d5800000,0x00000000d5800000,0x00000000dcb80000)
  from space 6656K, 99% used [0x00000000de680000,0x00000000decf8020,0x00000000ded00000)
  to   space 12288K, 0% used [0x00000000dd500000,0x00000000dd500000,0x00000000de100000)
 ParOldGen       total 57344K, used 14789K [0x0000000080800000, 0x0000000084000000, 0x00000000d5800000)
  object space 57344K, 25% used [0x0000000080800000,0x00000000816716e0,0x0000000084000000)
 Metaspace       used 35321K, capacity 35718K, committed 36048K, reserved 1081344K
  class space    used 4364K, capacity 4491K, committed 4608K, reserved 1048576K
}
Event: 3.142 GC heap before
{Heap before GC invocations=10 (full 2):
 PSYoungGen      total 124928K, used 6624K [0x00000000d5800000, 0x00000000ded00000, 0x0000000100000000)
  eden space 118272K, 0% used [0x00000000d5800000,0x00000000d5800000,0x00000000dcb80000)
  from space 6656K, 99% used [0x00000000de680000,0x00000000decf8020,0x00000000ded00000)
  to   space 12288K, 0% used [0x00000000dd500000,0x00000000dd500000,0x00000000de100000)
 ParOldGen       total 57344K, used 14789K [0x0000000080800000, 0x0000000084000000, 0x00000000d5800000)
  object space 57344K, 25% used [0x0000000080800000,0x00000000816716e0,0x0000000084000000)
 Metaspace       used 35321K, capacity 35718K, committed 36048K, reserved 1081344K
  class space    used 4364K, capacity 4491K, committed 4608K, reserved 1048576K
Event: 3.212 GC heap after
Heap after GC invocations=10 (full 2):
 PSYoungGen      total 124928K, used 0K [0x00000000d5800000, 0x00000000ded00000, 0x0000000100000000)
  eden space 118272K, 0% used [0x00000000d5800000,0x00000000d5800000,0x00000000dcb80000)
  from space 6656K, 0% used [0x00000000de680000,0x00000000de680000,0x00000000ded00000)
  to   space 12288K, 0% used [0x00000000dd500000,0x00000000dd500000,0x00000000de100000)
 ParOldGen       total 82432K, used 20139K [0x0000000080800000, 0x0000000085880000, 0x00000000d5800000)
  object space 82432K, 24% used [0x0000000080800000,0x0000000081baafd8,0x0000000085880000)
 Metaspace       used 35321K, capacity 35718K, committed 36048K, reserved 1081344K
  class space    used 4364K, capacity 4491K, committed 4608K, reserved 1048576K
}

Deoptimization events (10 events):
Event: 3.637 Thread 0x0000000001f5b000 Uncommon trap: reason=unhandled action=none pc=0x0000000002b6c664 method=java.net.URLClassLoader.findClass(Ljava/lang/String;)Ljava/lang/Class; @ 44
Event: 3.637 Thread 0x0000000001f5b000 Uncommon trap: reason=unhandled action=none pc=0x0000000002fd74fc method=java.net.URLClassLoader.findClass(Ljava/lang/String;)Ljava/lang/Class; @ 44
Event: 3.637 Thread 0x0000000001f5b000 Uncommon trap: reason=unhandled action=none pc=0x0000000002b6c664 method=java.net.URLClassLoader.findClass(Ljava/lang/String;)Ljava/lang/Class; @ 44
Event: 3.637 Thread 0x0000000001f5b000 Uncommon trap: reason=unhandled action=none pc=0x0000000002fd74fc method=java.net.URLClassLoader.findClass(Ljava/lang/String;)Ljava/lang/Class; @ 44
Event: 3.637 Thread 0x0000000001f5b000 Uncommon trap: reason=unhandled action=none pc=0x0000000002b6c664 method=java.net.URLClassLoader.findClass(Ljava/lang/String;)Ljava/lang/Class; @ 44
Event: 3.638 Thread 0x0000000001f5b000 Uncommon trap: reason=unhandled action=none pc=0x0000000002fd74fc method=java.net.URLClassLoader.findClass(Ljava/lang/String;)Ljava/lang/Class; @ 44
Event: 3.638 Thread 0x0000000001f5b000 Uncommon trap: reason=unhandled action=none pc=0x0000000002b6c664 method=java.net.URLClassLoader.findClass(Ljava/lang/String;)Ljava/lang/Class; @ 44
Event: 3.638 Thread 0x0000000001f5b000 Uncommon trap: reason=unhandled action=none pc=0x0000000002fd74fc method=java.net.URLClassLoader.findClass(Ljava/lang/String;)Ljava/lang/Class; @ 44
Event: 3.638 Thread 0x0000000001f5b000 Uncommon trap: reason=unhandled action=none pc=0x0000000002b6c664 method=java.net.URLClassLoader.findClass(Ljava/lang/String;)Ljava/lang/Class; @ 44
Event: 3.638 Thread 0x0000000001f5b000 Uncommon trap: reason=unhandled action=none pc=0x0000000002fd74fc method=java.net.URLClassLoader.findClass(Ljava/lang/String;)Ljava/lang/Class; @ 44

Internal exceptions (10 events):
Event: 3.571 Thread 0x000000005894c800 Exception <a 'java/lang/ClassNotFoundException': org/springframework/beans/factory/InitializingBeanCustomizer> (0x00000000d825ba90) thrown at [C:\re\workspace\8-2-build-windows-amd64-cygwin\jdk8u131\8869\hotspot\src\share\vm\classfile\systemDictionary.cpp
Event: 3.572 Thread 0x000000005894c800 Exception <a 'java/lang/ClassNotFoundException': org/springframework/beans/factory/DisposableBeanCustomizer> (0x00000000d8275860) thrown at [C:\re\workspace\8-2-build-windows-amd64-cygwin\jdk8u131\8869\hotspot\src\share\vm\classfile\systemDictionary.cpp, 
Event: 3.581 Thread 0x000000005894c800 Exception <a 'java/lang/AbstractMethodError'> (0x00000000d83237e0) thrown at [C:\re\workspace\8-2-build-windows-amd64-cygwin\jdk8u131\8869\hotspot\src\share\vm\interpreter\interpreterRuntime.cpp, line 529]
Event: 3.616 Thread 0x000000005894c800 Exception <a 'java/io/FileNotFoundException'> (0x00000000d85cf330) thrown at [C:\re\workspace\8-2-build-windows-amd64-cygwin\jdk8u131\8869\hotspot\src\share\vm\prims\jni.cpp, line 709]
Event: 3.636 Thread 0x0000000001f5b000 Exception <a 'java/lang/ClassNotFoundException': java/lang/ObjectCustomizer> (0x00000000d88a2d20) thrown at [C:\re\workspace\8-2-build-windows-amd64-cygwin\jdk8u131\8869\hotspot\src\share\vm\classfile\systemDictionary.cpp, line 210]
Event: 3.637 Thread 0x0000000001f5b000 Exception <a 'java/lang/ClassNotFoundException': org/springframework/context/event/EventListenerMethodProcessorCustomizer> (0x00000000d88c2bd0) thrown at [C:\re\workspace\8-2-build-windows-amd64-cygwin\jdk8u131\8869\hotspot\src\share\vm\classfile\systemDi
Event: 3.638 Thread 0x0000000001f5b000 Exception <a 'java/lang/ClassNotFoundException': org/springframework/beans/factory/SmartInitializingSingletonCustomizer> (0x00000000d88e2350) thrown at [C:\re\workspace\8-2-build-windows-amd64-cygwin\jdk8u131\8869\hotspot\src\share\vm\classfile\systemDict
Event: 3.638 Thread 0x0000000001f5b000 Exception <a 'java/lang/ClassNotFoundException': org/springframework/context/ApplicationContextAwareCustomizer> (0x00000000d88fbef8) thrown at [C:\re\workspace\8-2-build-windows-amd64-cygwin\jdk8u131\8869\hotspot\src\share\vm\classfile\systemDictionary.cp
Event: 3.639 Thread 0x0000000001f5b000 Exception <a 'java/lang/AbstractMethodError'> (0x00000000d8906da8) thrown at [C:\re\workspace\8-2-build-windows-amd64-cygwin\jdk8u131\8869\hotspot\src\share\vm\interpreter\interpreterRuntime.cpp, line 529]
Event: 3.640 Thread 0x0000000001f5b000 Exception <a 'java/lang/AbstractMethodError'> (0x00000000d8907070) thrown at [C:\re\workspace\8-2-build-windows-amd64-cygwin\jdk8u131\8869\hotspot\src\share\vm\interpreter\interpreterRuntime.cpp, line 529]

Events (10 events):
Event: 3.639 Thread 0x0000000001f5b000 DEOPT UNPACKING pc=0x00000000024a787f sp=0x000000000245e3b0 mode 1
Event: 3.639 Thread 0x0000000001f5b000 DEOPT PACKING pc=0x000000000310eccc sp=0x000000000245e6e0
Event: 3.639 Thread 0x0000000001f5b000 DEOPT UNPACKING pc=0x00000000024a787f sp=0x000000000245e418 mode 1
Event: 3.639 Thread 0x0000000001f5b000 DEOPT PACKING pc=0x00000000027dc2b4 sp=0x000000000245e610
Event: 3.639 Thread 0x0000000001f5b000 DEOPT UNPACKING pc=0x00000000024a787f sp=0x000000000245e3b0 mode 1
Event: 3.639 Thread 0x0000000001f5b000 DEOPT PACKING pc=0x000000000310eccc sp=0x000000000245e6e0
Event: 3.639 Thread 0x0000000001f5b000 DEOPT UNPACKING pc=0x00000000024a787f sp=0x000000000245e418 mode 1
Event: 3.641 loading class java/lang/ObjectCustomizer
Event: 3.641 loading class java/lang/ObjectCustomizer done
Event: 3.641 Thread 0x0000000001f5b000 Uncommon trap: trap_request=0xffffffa7 fr.pc=0x0000000002b6c664


Dynamic libraries:
0x000000013f890000 - 0x000000013f8c7000 	D:\Java\jdk1.8.0_131\bin\javaw.exe
0x0000000077c60000 - 0x0000000077e0a000 	C:\Windows\SYSTEM32\ntdll.dll
0x0000000077b40000 - 0x0000000077c5f000 	C:\Windows\system32\kernel32.dll
0x000007fefdab0000 - 0x000007fefdb1a000 	C:\Windows\system32\KERNELBASE.dll
0x000007feff820000 - 0x000007feff8fb000 	C:\Windows\system32\ADVAPI32.dll
0x000007fefee90000 - 0x000007fefef2f000 	C:\Windows\system32\msvcrt.dll
0x000007feff470000 - 0x000007feff48f000 	C:\Windows\SYSTEM32\sechost.dll
0x000007feff6a0000 - 0x000007feff7cd000 	C:\Windows\system32\RPCRT4.dll
0x0000000077a40000 - 0x0000000077b3a000 	C:\Windows\system32\USER32.dll
0x000007fefee20000 - 0x000007fefee87000 	C:\Windows\system32\GDI32.dll
0x000007feffdd0000 - 0x000007feffdde000 	C:\Windows\system32\LPK.dll
0x000007feff490000 - 0x000007feff55b000 	C:\Windows\system32\USP10.dll
0x000007fefc130000 - 0x000007fefc324000 	C:\Windows\WinSxS\amd64_microsoft.windows.common-controls_6595b64144ccf1df_6.0.7601.18837_none_fa3b1e3d17594757\COMCTL32.dll
0x000007feff0c0000 - 0x000007feff131000 	C:\Windows\system32\SHLWAPI.dll
0x000007feff5c0000 - 0x000007feff5ee000 	C:\Windows\system32\IMM32.DLL
0x000007fefefb0000 - 0x000007feff0b9000 	C:\Windows\system32\MSCTF.dll
0x000000006d120000 - 0x000000006d1f2000 	D:\Java\jdk1.8.0_131\jre\bin\msvcr100.dll
0x000000006c340000 - 0x000000006cbdc000 	D:\Java\jdk1.8.0_131\jre\bin\server\jvm.dll
0x000007fef6640000 - 0x000007fef6649000 	C:\Windows\system32\WSOCK32.dll
0x000007feff7d0000 - 0x000007feff81d000 	C:\Windows\system32\WS2_32.dll
0x000007feff5f0000 - 0x000007feff5f8000 	C:\Windows\system32\NSI.dll
0x000007fefb560000 - 0x000007fefb59b000 	C:\Windows\system32\WINMM.dll
0x000007fefc970000 - 0x000007fefc97c000 	C:\Windows\system32\VERSION.dll
0x0000000077e30000 - 0x0000000077e37000 	C:\Windows\system32\PSAPI.DLL
0x0000000074360000 - 0x000000007436f000 	D:\Java\jdk1.8.0_131\jre\bin\verify.dll
0x0000000072940000 - 0x0000000072969000 	D:\Java\jdk1.8.0_131\jre\bin\java.dll
0x00000000753c0000 - 0x00000000753f5000 	D:\Java\jdk1.8.0_131\jre\bin\jdwp.dll
0x00000000755a0000 - 0x00000000755a8000 	D:\Java\jdk1.8.0_131\jre\bin\npt.dll
0x0000000072800000 - 0x0000000072816000 	D:\Java\jdk1.8.0_131\jre\bin\zip.dll
0x000007fefddd0000 - 0x000007fefeb5a000 	C:\Windows\system32\SHELL32.dll
0x000007feff900000 - 0x000007feffafc000 	C:\Windows\system32\ole32.dll
0x000007fefd950000 - 0x000007fefd95f000 	C:\Windows\system32\profapi.dll
0x0000000075680000 - 0x0000000075689000 	D:\Java\jdk1.8.0_131\jre\bin\dt_socket.dll
0x000007fefb540000 - 0x000007fefb555000 	C:\Windows\system32\NLAapi.dll
0x000007fef9390000 - 0x000007fef93a5000 	C:\Windows\system32\napinsp.dll
0x000007fef9350000 - 0x000007fef9369000 	C:\Windows\system32\pnrpnsp.dll
0x000007fefd0f0000 - 0x000007fefd145000 	C:\Windows\System32\mswsock.dll
0x000007fefcf70000 - 0x000007fefcfcb000 	C:\Windows\system32\DNSAPI.dll
0x000007fef9340000 - 0x000007fef934b000 	C:\Windows\System32\winrnr.dll
0x000007fefb3f0000 - 0x000007fefb417000 	C:\Windows\system32\IPHLPAPI.DLL
0x000007fefb3e0000 - 0x000007fefb3eb000 	C:\Windows\system32\WINNSI.DLL
0x000007fefb2a0000 - 0x000007fefb2f3000 	C:\Windows\System32\fwpuclnt.dll
0x000007fef7920000 - 0x000007fef7928000 	C:\Windows\system32\rasadhlp.dll
0x000007fefc8b0000 - 0x000007fefc8b7000 	C:\Windows\System32\wshtcpip.dll
0x0000000073d20000 - 0x0000000073d2d000 	D:\Java\jdk1.8.0_131\jre\bin\management.dll
0x00000000727e0000 - 0x00000000727fa000 	D:\Java\jdk1.8.0_131\jre\bin\net.dll
0x000007fefd0e0000 - 0x000007fefd0e7000 	C:\Windows\System32\wship6.dll
0x00000000727c0000 - 0x00000000727d1000 	D:\Java\jdk1.8.0_131\jre\bin\nio.dll
0x00000000720c0000 - 0x00000000720e4000 	D:\Java\jdk1.8.0_131\jre\bin\sunec.dll
0x000007fefb180000 - 0x000007fefb191000 	C:\Windows\system32\dhcpcsvc6.DLL
0x000007fefb060000 - 0x000007fefb078000 	C:\Windows\system32\dhcpcsvc.DLL
0x000007fefd150000 - 0x000007fefd168000 	C:\Windows\system32\CRYPTSP.dll
0x000007fefce50000 - 0x000007fefce97000 	C:\Windows\system32\rsaenh.dll
0x000007fefdb50000 - 0x000007fefdb6e000 	C:\Windows\system32\USERENV.dll
0x000007fefd7f0000 - 0x000007fefd7ff000 	C:\Windows\system32\CRYPTBASE.dll

VM Arguments:
jvm_args: -agentlib:jdwp=transport=dt_socket,suspend=y,address=localhost:53695 -Dfile.encoding=UTF-8 
java_command: com.study.SpringbootShiroApplication
java_class_path (initial): E:\supper_smarket\spring-cloud-demo\spring-cloud-system-login\target\classes;D:\apache-maven-3.5.5\repolibs\org\springframework\boot\spring-boot-starter\1.5.2.RELEASE\spring-boot-starter-1.5.2.RELEASE.jar;D:\apache-maven-3.5.5\repolibs\org\springframework\boot\spring-boot\1.5.2.RELEASE\spring-boot-1.5.2.RELEASE.jar;D:\apache-maven-3.5.5\repolibs\org\springframework\spring-context\4.3.7.RELEASE\spring-context-4.3.7.RELEASE.jar;D:\apache-maven-3.5.5\repolibs\org\springframework\boot\spring-boot-autoconfigure\1.5.2.RELEASE\spring-boot-autoconfigure-1.5.2.RELEASE.jar;D:\apache-maven-3.5.5\repolibs\org\springframework\boot\spring-boot-starter-logging\1.5.2.RELEASE\spring-boot-starter-logging-1.5.2.RELEASE.jar;D:\apache-maven-3.5.5\repolibs\ch\qos\logback\logback-classic\1.1.11\logback-classic-1.1.11.jar;D:\apache-maven-3.5.5\repolibs\ch\qos\logback\logback-core\1.1.11\logback-core-1.1.11.jar;D:\apache-maven-3.5.5\repolibs\org\slf4j\jcl-over-slf4j\1.7.24\jcl-over-slf4j-1.7.24.jar;D:\apache-maven-3.5.5\repolibs\org\slf4j\jul-to-slf4j\1.7.24\jul-to-slf4j-1.7.24.jar;D:\apache-maven-3.5.5\repolibs\org\slf4j\log4j-over-slf4j\1.7.24\log4j-over-slf4j-1.7.24.jar;D:\apache-maven-3.5.5\repolibs\org\springframework\spring-core\4.3.7.RELEASE\spring-core-4.3.7.RELEASE.jar;D:\apache-maven-3.5.5\repolibs\org\yaml\snakeyaml\1.17\snakeyaml-1.17.jar;D:\apache-maven-3.5.5\repolibs\org\mybatis\generator\mybatis-generator-core\1.3.2\mybatis-generator-core-1.3.2.jar;D:\apache-maven-3.5.5\repolibs\org\springframework\boot\spring-boot-starter-web\1.5.2.RELEASE\spring-boot-starter-web-1.5.2.RELEASE.jar;D:\apache-maven-3.5.5\repolibs\org\springframework\boot\spring-boot-starter-tomcat\1.5.2.RELEASE\spring-boot-starter-tomcat-1.5.2.RELEASE.jar;D:\apache-maven-3.5.5\repolibs\org\apache\tomcat\embed\tomcat-embed-core\8.5.11\tomcat-embed-core-8.5.11.jar;D:\apache-maven-3.5.5\repolibs\org\apache\tomcat\embed\tomcat-embed-el\8.5.11\tomcat-embed-el-8.5.11.jar;D:\apache-maven-
Launcher Type: SUN_STANDARD

Environment Variables:
JAVA_HOME=D:\Java\jdk1.8.0_131
PATH=D:\Java\jdk1.8.0_131\jre\bin;D:/Java/jdk1.8.0_131/bin/../jre/bin/server;D:/Java/jdk1.8.0_131/bin/../jre/bin;D:/Java/jdk1.8.0_131/bin/../jre/lib/amd64;%JAVA_HOME1%/bin;C:\Windows\system32;C:\Windows;C:\Windows\System32\Wbem;C:\Windows\System32\WindowsPowerShell\v1.0\;C:\Program Files (x86)\NVIDIA Corporation\PhysX\Common;D:\Java\jdk1.8.0_131\bin;%MAVEN_HOME%\bin;D:\TortoiseGit\bin;d:\Git\cmd;E:\eclipse-jee-oxygen-R-win32-x86_64\eclipse;
USERNAME=Administrator
OS=Windows_NT
PROCESSOR_IDENTIFIER=Intel64 Family 6 Model 158 Stepping 9, GenuineIntel



---------------  S Y S T E M  ---------------

OS: Windows 7 , 64 bit Build 7601 (6.1.7601.23889)

CPU:total 4 (initial active 4) (4 cores per cpu, 1 threads per core) family 6 model 158 stepping 9, cmov, cx8, fxsr, mmx, sse, sse2, sse3, ssse3, sse4.1, sse4.2, popcnt, avx, avx2, aes, clmul, erms, 3dnowpref, lzcnt, tsc, tscinvbit, bmi1, bmi2, adx

Memory: 4k page, physical 8351860k(1908928k free), swap 8350000k(5100k free)

vm_info: Java HotSpot(TM) 64-Bit Server VM (25.131-b11) for windows-amd64 JRE (1.8.0_131-b11), built on Mar 15 2017 01:23:53 by "java_re" with MS VC++ 10.0 (VS2010)

time: Wed Dec 27 20:24:13 2017
elapsed time: 3 seconds (0d 0h 0m 3s)

